Start testing: Feb 12 16:13 GMT
----------------------------------------------------------
1/3 Testing: AnomalyDetectorTest
1/3 Test: AnomalyDetectorTest
Command: "/Users/kevinmolloy/Documents/GitHub/Work/PacketMonitor/tests/build/test_AnomalyDetector"
Directory: /Users/kevinmolloy/Documents/GitHub/Work/PacketMonitor/tests/build
"AnomalyDetectorTest" start time: Feb 12 16:13 GMT
Output:
----------------------------------------------------------
Running main() from /tmp/googletest-20250207-4883-i5p1lh/googletest-1.16.0/googletest/src/gtest_main.cc
[==========] Running 2 tests from 1 test suite.
[----------] Global test environment set-up.
[----------] 2 tests from AnomalyDetectorTest
[ RUN      ] AnomalyDetectorTest.NoAnomalyWhenBelowThreshold
[       OK ] AnomalyDetectorTest.NoAnomalyWhenBelowThreshold (0 ms)
[ RUN      ] AnomalyDetectorTest.AnomalyWhenAboveThreshold
[       OK ] AnomalyDetectorTest.AnomalyWhenAboveThreshold (0 ms)
[----------] 2 tests from AnomalyDetectorTest (0 ms total)

[----------] Global test environment tear-down
[==========] 2 tests from 1 test suite ran. (0 ms total)
[  PASSED  ] 2 tests.
<end of output>
Test time =   0.00 sec
----------------------------------------------------------
Test Passed.
"AnomalyDetectorTest" end time: Feb 12 16:13 GMT
"AnomalyDetectorTest" time elapsed: 00:00:00
----------------------------------------------------------

2/3 Testing: SignatureDetectorTest
2/3 Test: SignatureDetectorTest
Command: "/Users/kevinmolloy/Documents/GitHub/Work/PacketMonitor/tests/build/test_SignatureDetector"
Directory: /Users/kevinmolloy/Documents/GitHub/Work/PacketMonitor/tests/build
"SignatureDetectorTest" start time: Feb 12 16:13 GMT
Output:
----------------------------------------------------------
Running main() from /tmp/googletest-20250207-4883-i5p1lh/googletest-1.16.0/googletest/src/gtest_main.cc
[==========] Running 2 tests from 1 test suite.
[----------] Global test environment set-up.
[----------] 2 tests from SignatureDetectorTest
[ RUN      ] SignatureDetectorTest.LoadSignatures
[       OK ] SignatureDetectorTest.LoadSignatures (0 ms)
[ RUN      ] SignatureDetectorTest.DetectSignature
[       OK ] SignatureDetectorTest.DetectSignature (0 ms)
[----------] 2 tests from SignatureDetectorTest (0 ms total)

[----------] Global test environment tear-down
[==========] 2 tests from 1 test suite ran. (0 ms total)
[  PASSED  ] 2 tests.
<end of output>
Test time =   0.00 sec
----------------------------------------------------------
Test Passed.
"SignatureDetectorTest" end time: Feb 12 16:13 GMT
"SignatureDetectorTest" time elapsed: 00:00:00
----------------------------------------------------------

3/3 Testing: UtilsTest
3/3 Test: UtilsTest
Command: "/Users/kevinmolloy/Documents/GitHub/Work/PacketMonitor/tests/build/test_Utils"
Directory: /Users/kevinmolloy/Documents/GitHub/Work/PacketMonitor/tests/build
"UtilsTest" start time: Feb 12 16:13 GMT
Output:
----------------------------------------------------------
Running main() from /tmp/googletest-20250207-4883-i5p1lh/googletest-1.16.0/googletest/src/gtest_main.cc
[==========] Running 2 tests from 1 test suite.
[----------] Global test environment set-up.
[----------] 2 tests from UtilsTest
[ RUN      ] UtilsTest.GetCurrentTimestampFormat
[       OK ] UtilsTest.GetCurrentTimestampFormat (0 ms)
[ RUN      ] UtilsTest.LogEventDoesNotThrow
[       OK ] UtilsTest.LogEventDoesNotThrow (0 ms)
[----------] 2 tests from UtilsTest (0 ms total)

[----------] Global test environment tear-down
[==========] 2 tests from 1 test suite ran. (0 ms total)
[  PASSED  ] 2 tests.
<end of output>
Test time =   0.00 sec
----------------------------------------------------------
Test Passed.
"UtilsTest" end time: Feb 12 16:13 GMT
"UtilsTest" time elapsed: 00:00:00
----------------------------------------------------------

End testing: Feb 12 16:13 GMT
